.next/types/validator.ts(42,39): error TS2307: Cannot find module '../../app/page.js' or its corresponding type declarations.
.next/types/validator.ts(57,39): error TS2307: Cannot find module '../../app/(landing page)/layout.js' or its corresponding type declarations.
